Loading Module: system
[2014-06-10T09:10:07+08:00] Loading module system 
[2014-06-10T09:10:07+08:00] Install Module Sql. 
[2014-06-10T09:10:08+08:00] Install Module system 
[2014-06-10T09:10:08+08:00] Install Module ACL. 
[2014-06-10T09:10:08+08:00] Install Module Menu. 
[2014-06-10T09:10:09+08:00] Install Module Widget. 
[2014-06-10T09:10:09+08:00] Install Module EventObservers. 
[2014-06-10T09:10:09+08:00] Install Module Resource. 
[2014-06-10T09:10:09+08:00] Install Module Change Logs. 
[2014-06-10T09:10:10+08:00] Copy resource files to /cubi/resources folder. 
[2014-06-10T09:10:10+08:00] system is loaded. 

Loading Module: menu
[2014-06-10T09:10:10+08:00] Loading module menu 
[2014-06-10T09:10:10+08:00] Install Module Sql. 
[2014-06-10T09:10:10+08:00] Install Module menu 
[2014-06-10T09:10:10+08:00] Install Module ACL. 
[2014-06-10T09:10:10+08:00] Install Module Menu. 
[2014-06-10T09:10:10+08:00] Install Module Widget. 
[2014-06-10T09:10:10+08:00] Install Module EventObservers. 
[2014-06-10T09:10:10+08:00] Install Module Resource. 
[2014-06-10T09:10:10+08:00] Install Module Change Logs. 
[2014-06-10T09:10:10+08:00] Copy resource files to /cubi/resources folder. 
[2014-06-10T09:10:10+08:00] menu is loaded. 

Loading Module: help
[2014-06-10T09:10:10+08:00] Loading module help 
help is not loaded, mod.xml is not found in help.
Loading Module: contact
[2014-06-10T09:10:10+08:00] Loading module contact 
contact is not loaded, mod.xml is not found in contact.
Loading Module: cronjob
[2014-06-10T09:10:10+08:00] Loading module cronjob 
cronjob is not loaded, mod.xml is not found in cronjob.
Loading Module: common
[2014-06-10T09:10:10+08:00] Loading module common 
[2014-06-10T09:10:10+08:00] Install Module Sql. 
[2014-06-10T09:10:10+08:00] Install Module common 
[2014-06-10T09:10:10+08:00] Install Module ACL. 
[2014-06-10T09:10:10+08:00] Install Module Menu. 
[2014-06-10T09:10:10+08:00] Install Module Widget. 
[2014-06-10T09:10:10+08:00] Install Module EventObservers. 
[2014-06-10T09:10:10+08:00] Install Module Resource. 
[2014-06-10T09:10:10+08:00] Install Module Change Logs. 
[2014-06-10T09:10:10+08:00] Copy resource files to /cubi/resources folder. 
[2014-06-10T09:10:11+08:00] common is loaded. 

Loading Module: myaccount
[2014-06-10T09:10:11+08:00] Loading module myaccount 
Dependent module contact is NOT loaded.
Loading Module: service
[2014-06-10T09:10:11+08:00] Loading module service 
[2014-06-10T09:10:11+08:00] Install Module Sql. 
[2014-06-10T09:10:11+08:00] Install Module service 
[2014-06-10T09:10:11+08:00] Install Module ACL. 
[2014-06-10T09:10:11+08:00] Install Module Menu. 
[2014-06-10T09:10:11+08:00] Install Module Widget. 
[2014-06-10T09:10:11+08:00] Install Module EventObservers. 
[2014-06-10T09:10:11+08:00] Install Module Resource. 
[2014-06-10T09:10:11+08:00] Install Module Change Logs. 
[2014-06-10T09:10:11+08:00] Copy resource files to /cubi/resources folder. 
[2014-06-10T09:10:11+08:00] service is loaded. 

Loading Module: user
[2014-06-10T09:10:11+08:00] Loading module user 
[2014-06-10T09:10:11+08:00] Install Module Sql. 
[2014-06-10T09:10:11+08:00] Install Module user 
[2014-06-10T09:10:11+08:00] Install Module ACL. 
[2014-06-10T09:10:11+08:00] Install Module Menu. 
[2014-06-10T09:10:11+08:00] Install Module Widget. 
[2014-06-10T09:10:11+08:00] Install Module EventObservers. 
[2014-06-10T09:10:11+08:00] Install Module Resource. 
[2014-06-10T09:10:11+08:00] Install Module Change Logs. 
[2014-06-10T09:10:11+08:00] Copy resource files to /cubi/resources folder. 
[2014-06-10T09:10:11+08:00] user is loaded. 

Loading Module: websvc
[2014-06-10T09:10:11+08:00] Loading module websvc 
websvc is not loaded, mod.xml is not found in websvc.
